  main.cpp
E:\it\cpp\projects\Integer\Integer\main.cpp(10,10): error C2678: бинарный ">>": не найден оператор, принимающий левый операнд типа "std::istream" (или приемлемое преобразование отсутствует)
      C:\Program Files\Microsoft Visual Studio\2022\Community\VC\Tools\MSVC\14.41.34120\include\istream(303,39):
      может быть "std::basic_istream<char,std::char_traits<char>> &std::basic_istream<char,std::char_traits<char>>::operator >>(std::basic_streambuf<char,std::char_traits<char>> *)"
          E:\it\cpp\projects\Integer\Integer\main.cpp(10,10):
          "std::basic_istream<char,std::char_traits<char>> &std::basic_istream<char,std::char_traits<char>>::operator >>(std::basic_streambuf<char,std::char_traits<char>> *)": невозможно преобразовать аргумент 2 из "Rational" в "std::basic_streambuf<char,std::char_traits<char>> *"
              E:\it\cpp\projects\Integer\Integer\main.cpp(10,17):
              Для выполнения данного преобразования нет доступного оператора преобразования, определенного пользователем, или вызов оператора невозможен
      C:\Program Files\Microsoft Visual Studio\2022\Community\VC\Tools\MSVC\14.41.34120\include\istream(299,39):
      или       "std::basic_istream<char,std::char_traits<char>> &std::basic_istream<char,std::char_traits<char>>::operator >>(void *&)"
          E:\it\cpp\projects\Integer\Integer\main.cpp(10,10):
          "std::basic_istream<char,std::char_traits<char>> &std::basic_istream<char,std::char_traits<char>>::operator >>(void *&)": невозможно преобразовать аргумент 2 из "Rational" в "void *&"
      C:\Program Files\Microsoft Visual Studio\2022\Community\VC\Tools\MSVC\14.41.34120\include\istream(295,39):
      или       "std::basic_istream<char,std::char_traits<char>> &std::basic_istream<char,std::char_traits<char>>::operator >>(long double &)"
          E:\it\cpp\projects\Integer\Integer\main.cpp(10,10):
          "std::basic_istream<char,std::char_traits<char>> &std::basic_istream<char,std::char_traits<char>>::operator >>(long double &)": невозможно преобразовать аргумент 2 из "Rational" в "long double &"
      C:\Program Files\Microsoft Visual Studio\2022\Community\VC\Tools\MSVC\14.41.34120\include\istream(291,39):
      или       "std::basic_istream<char,std::char_traits<char>> &std::basic_istream<char,std::char_traits<char>>::operator >>(double &)"
          E:\it\cpp\projects\Integer\Integer\main.cpp(10,10):
          "std::basic_istream<char,std::char_traits<char>> &std::basic_istream<char,std::char_traits<char>>::operator >>(double &)": невозможно преобразовать аргумент 2 из "Rational" в "double &"
      C:\Program Files\Microsoft Visual Studio\2022\Community\VC\Tools\MSVC\14.41.34120\include\istream(287,39):
      или       "std::basic_istream<char,std::char_traits<char>> &std::basic_istream<char,std::char_traits<char>>::operator >>(float &)"
          E:\it\cpp\projects\Integer\Integer\main.cpp(10,10):
          "std::basic_istream<char,std::char_traits<char>> &std::basic_istream<char,std::char_traits<char>>::operator >>(float &)": невозможно преобразовать аргумент 2 из "Rational" в "float &"
      C:\Program Files\Microsoft Visual Studio\2022\Community\VC\Tools\MSVC\14.41.34120\include\istream(283,39):
      или       "std::basic_istream<char,std::char_traits<char>> &std::basic_istream<char,std::char_traits<char>>::operator >>(unsigned __int64 &)"
          E:\it\cpp\projects\Integer\Integer\main.cpp(10,10):
          "std::basic_istream<char,std::char_traits<char>> &std::basic_istream<char,std::char_traits<char>>::operator >>(unsigned __int64 &)": невозможно преобразовать аргумент 2 из "Rational" в "unsigned __int64 &"
      C:\Program Files\Microsoft Visual Studio\2022\Community\VC\Tools\MSVC\14.41.34120\include\istream(279,39):
      или       "std::basic_istream<char,std::char_traits<char>> &std::basic_istream<char,std::char_traits<char>>::operator >>(__int64 &)"
          E:\it\cpp\projects\Integer\Integer\main.cpp(10,10):
          "std::basic_istream<char,std::char_traits<char>> &std::basic_istream<char,std::char_traits<char>>::operator >>(__int64 &)": невозможно преобразовать аргумент 2 из "Rational" в "__int64 &"
      C:\Program Files\Microsoft Visual Studio\2022\Community\VC\Tools\MSVC\14.41.34120\include\istream(275,39):
      или       "std::basic_istream<char,std::char_traits<char>> &std::basic_istream<char,std::char_traits<char>>::operator >>(unsigned long &)"
          E:\it\cpp\projects\Integer\Integer\main.cpp(10,10):
          "std::basic_istream<char,std::char_traits<char>> &std::basic_istream<char,std::char_traits<char>>::operator >>(unsigned long &)": невозможно преобразовать аргумент 2 из "Rational" в "unsigned long &"
      C:\Program Files\Microsoft Visual Studio\2022\Community\VC\Tools\MSVC\14.41.34120\include\istream(271,39):
      или       "std::basic_istream<char,std::char_traits<char>> &std::basic_istream<char,std::char_traits<char>>::operator >>(long &)"
          E:\it\cpp\projects\Integer\Integer\main.cpp(10,10):
          "std::basic_istream<char,std::char_traits<char>> &std::basic_istream<char,std::char_traits<char>>::operator >>(long &)": невозможно преобразовать аргумент 2 из "Rational" в "long &"
      C:\Program Files\Microsoft Visual Studio\2022\Community\VC\Tools\MSVC\14.41.34120\include\istream(267,39):
      или       "std::basic_istream<char,std::char_traits<char>> &std::basic_istream<char,std::char_traits<char>>::operator >>(unsigned int &)"
          E:\it\cpp\projects\Integer\Integer\main.cpp(10,10):
          "std::basic_istream<char,std::char_traits<char>> &std::basic_istream<char,std::char_traits<char>>::operator >>(unsigned int &)": невозможно преобразовать аргумент 2 из "Rational" в "unsigned int &"
      C:\Program Files\Microsoft Visual Studio\2022\Community\VC\Tools\MSVC\14.41.34120\include\istream(259,39):
      или       "std::basic_istream<char,std::char_traits<char>> &std::basic_istream<char,std::char_traits<char>>::operator >>(int &)"
          E:\it\cpp\projects\Integer\Integer\main.cpp(10,10):
          "std::basic_istream<char,std::char_traits<char>> &std::basic_istream<char,std::char_traits<char>>::operator >>(int &)": невозможно преобразовать аргумент 2 из "Rational" в "int &"
      C:\Program Files\Microsoft Visual Studio\2022\Community\VC\Tools\MSVC\14.41.34120\include\istream(255,39):
      или       "std::basic_istream<char,std::char_traits<char>> &std::basic_istream<char,std::char_traits<char>>::operator >>(unsigned short &)"
          E:\it\cpp\projects\Integer\Integer\main.cpp(10,10):
          "std::basic_istream<char,std::char_traits<char>> &std::basic_istream<char,std::char_traits<char>>::operator >>(unsigned short &)": невозможно преобразовать аргумент 2 из "Rational" в "unsigned short &"
      C:\Program Files\Microsoft Visual Studio\2022\Community\VC\Tools\MSVC\14.41.34120\include\istream(223,39):
      или       "std::basic_istream<char,std::char_traits<char>> &std::basic_istream<char,std::char_traits<char>>::operator >>(short &)"
          E:\it\cpp\projects\Integer\Integer\main.cpp(10,10):
          "std::basic_istream<char,std::char_traits<char>> &std::basic_istream<char,std::char_traits<char>>::operator >>(short &)": невозможно преобразовать аргумент 2 из "Rational" в "short &"
      C:\Program Files\Microsoft Visual Studio\2022\Community\VC\Tools\MSVC\14.41.34120\include\istream(219,39):
      или       "std::basic_istream<char,std::char_traits<char>> &std::basic_istream<char,std::char_traits<char>>::operator >>(bool &)"
          E:\it\cpp\projects\Integer\Integer\main.cpp(10,10):
          "std::basic_istream<char,std::char_traits<char>> &std::basic_istream<char,std::char_traits<char>>::operator >>(bool &)": невозможно преобразовать аргумент 2 из "Rational" в "bool &"
      C:\Program Files\Microsoft Visual Studio\2022\Community\VC\Tools\MSVC\14.41.34120\include\istream(190,39):
      или       "std::basic_istream<char,std::char_traits<char>> &std::basic_istream<char,std::char_traits<char>>::operator >>(std::ios_base &(__cdecl *)(std::ios_base &))"
          E:\it\cpp\projects\Integer\Integer\main.cpp(10,10):
          "std::basic_istream<char,std::char_traits<char>> &std::basic_istream<char,std::char_traits<char>>::operator >>(std::ios_base &(__cdecl *)(std::ios_base &))": невозможно преобразовать аргумент 2 из "Rational" в "std::ios_base &(__cdecl *)(std::ios_base &)"
              E:\it\cpp\projects\Integer\Integer\main.cpp(10,17):
              Для выполнения данного преобразования нет доступного оператора преобразования, определенного пользователем, или вызов оператора невозможен
      C:\Program Files\Microsoft Visual Studio\2022\Community\VC\Tools\MSVC\14.41.34120\include\istream(185,39):
      или       "std::basic_istream<char,std::char_traits<char>> &std::basic_istream<char,std::char_traits<char>>::operator >>(std::basic_ios<char,std::char_traits<char>> &(__cdecl *)(std::basic_ios<char,std::char_traits<char>> &))"
          E:\it\cpp\projects\Integer\Integer\main.cpp(10,10):
          "std::basic_istream<char,std::char_traits<char>> &std::basic_istream<char,std::char_traits<char>>::operator >>(std::basic_ios<char,std::char_traits<char>> &(__cdecl *)(std::basic_ios<char,std::char_traits<char>> &))": невозможно преобразовать аргумент 2 из "Rational" в "std::basic_ios<char,std::char_traits<char>> &(__cdecl *)(std::basic_ios<char,std::char_traits<char>> &)"
              E:\it\cpp\projects\Integer\Integer\main.cpp(10,17):
              Для выполнения данного преобразования нет доступного оператора преобразования, определенного пользователем, или вызов оператора невозможен
      C:\Program Files\Microsoft Visual Studio\2022\Community\VC\Tools\MSVC\14.41.34120\include\istream(180,39):
      или       "std::basic_istream<char,std::char_traits<char>> &std::basic_istream<char,std::char_traits<char>>::operator >>(std::basic_istream<char,std::char_traits<char>> &(__cdecl *)(std::basic_istream<char,std::char_traits<char>> &))"
          E:\it\cpp\projects\Integer\Integer\main.cpp(10,10):
          "std::basic_istream<char,std::char_traits<char>> &std::basic_istream<char,std::char_traits<char>>::operator >>(std::basic_istream<char,std::char_traits<char>> &(__cdecl *)(std::basic_istream<char,std::char_traits<char>> &))": невозможно преобразовать аргумент 2 из "Rational" в "std::basic_istream<char,std::char_traits<char>> &(__cdecl *)(std::basic_istream<char,std::char_traits<char>> &)"
              E:\it\cpp\projects\Integer\Integer\main.cpp(10,17):
              Для выполнения данного преобразования нет доступного оператора преобразования, определенного пользователем, или вызов оператора невозможен
      E:\it\cpp\projects\Integer\Integer\rational.hpp(58,23):
      или       "std::ostream &operator >>(std::ostream &,Rational &)" [найдено при поиске с зависимостью от аргументов]
          E:\it\cpp\projects\Integer\Integer\main.cpp(10,10):
          "std::ostream &operator >>(std::ostream &,Rational &)": невозможно преобразовать аргумент 1 из "std::istream" в "std::ostream &"
      C:\Program Files\Microsoft Visual Studio\2022\Community\VC\Tools\MSVC\14.41.34120\include\xstring(3371,32):
      или       "std::basic_istream<_Elem,_Traits> &std::operator >>(std::basic_istream<_Elem,_Traits> &,std::basic_string<_Elem,_Traits,_Alloc> &)"
          E:\it\cpp\projects\Integer\Integer\main.cpp(10,10):
          'std::basic_istream<_Elem,_Traits> &std::operator >>(std::basic_istream<_Elem,_Traits> &,std::basic_string<_Elem,_Traits,_Alloc> &)': не удалось вывести аргумент шаблон для 'std::basic_string<_Elem,_Traits,_Alloc> &' из 'Rational'
      C:\Program Files\Microsoft Visual Studio\2022\Community\VC\Tools\MSVC\14.41.34120\include\istream(849,32):
      или       "std::basic_istream<_Elem,_Traits> &std::operator >>(std::basic_istream<_Elem,_Traits> &,_Elem *)"
          E:\it\cpp\projects\Integer\Integer\main.cpp(10,10):
          'std::basic_istream<_Elem,_Traits> &std::operator >>(std::basic_istream<_Elem,_Traits> &,_Elem *)': не удалось вывести аргумент шаблон для '_Elem *' из 'Rational'
      C:\Program Files\Microsoft Visual Studio\2022\Community\VC\Tools\MSVC\14.41.34120\include\istream(854,31):
      или       "std::basic_istream<char,_Traits> &std::operator >>(std::basic_istream<char,_Traits> &,signed char *)"
          E:\it\cpp\projects\Integer\Integer\main.cpp(10,17):
          инициализация: невозможно преобразовать "Rational" в "signed char *"
              E:\it\cpp\projects\Integer\Integer\main.cpp(10,17):
              Для выполнения данного преобразования нет доступного оператора преобразования, определенного пользователем, или вызов оператора невозможен
      C:\Program Files\Microsoft Visual Studio\2022\Community\VC\Tools\MSVC\14.41.34120\include\istream(859,31):
      или       "std::basic_istream<char,_Traits> &std::operator >>(std::basic_istream<char,_Traits> &,unsigned char *)"
          E:\it\cpp\projects\Integer\Integer\main.cpp(10,17):
          инициализация: невозможно преобразовать "Rational" в "unsigned char *"
              E:\it\cpp\projects\Integer\Integer\main.cpp(10,17):
              Для выполнения данного преобразования нет доступного оператора преобразования, определенного пользователем, или вызов оператора невозможен
      C:\Program Files\Microsoft Visual Studio\2022\Community\VC\Tools\MSVC\14.41.34120\include\istream(865,32):
      или       "std::basic_istream<_Elem,_Traits> &std::operator >>(std::basic_istream<_Elem,_Traits> &,_Elem &)"
          E:\it\cpp\projects\Integer\Integer\main.cpp(10,10):
          "std::basic_istream<_Elem,_Traits> &std::operator >>(std::basic_istream<_Elem,_Traits> &,_Elem &)": в шаблон параметр "_Elem" неоднозначен
              E:\it\cpp\projects\Integer\Integer\main.cpp(10,10):
              может быть "Rational"
              E:\it\cpp\projects\Integer\Integer\main.cpp(10,10):
              или       "char"
          E:\it\cpp\projects\Integer\Integer\main.cpp(10,10):
          'std::basic_istream<_Elem,_Traits> &std::operator >>(std::basic_istream<_Elem,_Traits> &,_Elem &)': не удалось вывести аргумент шаблон для '_Elem &' из 'Rational'
      C:\Program Files\Microsoft Visual Studio\2022\Community\VC\Tools\MSVC\14.41.34120\include\istream(888,31):
      или       "std::basic_istream<char,_Traits> &std::operator >>(std::basic_istream<char,_Traits> &,signed char &)"
          E:\it\cpp\projects\Integer\Integer\main.cpp(10,17):
          инициализация: невозможно преобразовать "Rational" в "signed char &"
      C:\Program Files\Microsoft Visual Studio\2022\Community\VC\Tools\MSVC\14.41.34120\include\istream(894,31):
      или       "std::basic_istream<char,_Traits> &std::operator >>(std::basic_istream<char,_Traits> &,unsigned char &)"
          E:\it\cpp\projects\Integer\Integer\main.cpp(10,17):
          инициализация: невозможно преобразовать "Rational" в "unsigned char &"
      C:\Program Files\Microsoft Visual Studio\2022\Community\VC\Tools\MSVC\14.41.34120\include\istream(907,9):
      или       "_Istr &&std::operator >>(_Istr &&,_Ty &&)"
          E:\it\cpp\projects\Integer\Integer\main.cpp(10,10):
          "_Istr &&std::operator >>(_Istr &&,_Ty &&)": не удается вывести аргумент шаблон для "__formal"
              C:\Program Files\Microsoft Visual Studio\2022\Community\VC\Tools\MSVC\14.41.34120\include\istream(906,102):
              "<template-parameter>": невозможно создать указатель на ссылку
      E:\it\cpp\projects\Integer\Integer\main.cpp(10,10):
      при попытке сопоставить список аргументов "(std::istream, Rational)"
  
  rational.cpp
  Создание кода...
